<?xml version="1.0" encoding="UTF-8"?>
<!-- Generated by org.testng.reporters.JUnitReportReporter -->
<testsuite hostname="LAPTOP-DD7O2KCP" failures="0" tests="5" name="DocumentPageTest" time="6.881" errors="0" timestamp="09 Mar 2020 19:10:51 GMT" skipped="0">
  <testcase classname="DocumentPageTest" name="DocumentPageTitle" time="0.068"/>
  <testcase classname="DocumentPageTest" name="ClickOnJSLink" time="2.853"/>
  <testcase classname="DocumentPageTest" name="VerifyMapJSTitile" time="0.061"/>
  <testcase classname="DocumentPageTest" name="VerifyMapJSHeaderText" time="0.446"/>
  <testcase classname="DocumentPageTest" name="MouseHoverMapSDP4Android" time="3.453"/>
</testsuite> <!-- DocumentPageTest -->
